<?xml version="1.0" encoding="UTF-8"?>
<!-- Generated by org.testng.reporters.JUnitReportReporter -->
<testsuite skipped="0" hostname="ramit-QA-2035ThinkPad-L14-Gen-1" name="main.java.Selenium_Docker.Selenium_Docker.SampleTest" tests="2" failures="0" timestamp="2021-03-11T13:17:24 IST" time="6.136" errors="0">
  <testcase name="bookflight" time="2.586" classname="main.java.Selenium_Docker.Selenium_Docker.SampleTest"/>
  <system-out/>
  <testcase name="search" time="3.550" classname="main.java.Selenium_Docker.Selenium_Docker.SampleTest"/>
  <system-out/>
</testsuite> <!-- main.java.Selenium_Docker.Selenium_Docker.SampleTest -->
